<?xml version="1.0" encoding="UTF-8"?>
<!-- Generated by org.testng.reporters.JUnitReportReporter -->
<testsuite hostname="shrawani" failures="0" tests="2" name="BatchExecutionTravel.Makemytip" time="86.085" errors="0" timestamp="2024-05-20T11:13:24 IST" skipped="0">
  <testcase classname="BatchExecutionTravel.Makemytip" name="MT" time="55.049"/>
  <testcase classname="BatchExecutionTravel.Makemytip" name="MT" time="31.036"/>
</testsuite> <!-- BatchExecutionTravel.Makemytip -->
