<?xml version="1.0" encoding="UTF-8"?>
<!-- Generated by org.testng.reporters.JUnitReportReporter -->
<testsuite hostname="shrawani" failures="0" tests="2" name="BatchExectionFashion.Ajoi" time="37.819" errors="0" timestamp="2024-05-20T11:13:24 IST" skipped="0">
  <testcase classname="BatchExectionFashion.Ajoi" name="Aj" time="26.515"/>
  <testcase classname="BatchExectionFashion.Ajoi" name="Aj" time="11.304"/>
</testsuite> <!-- BatchExectionFashion.Ajoi -->
