<?xml version="1.0" encoding="UTF-8"?>
<!-- Generated by org.testng.reporters.JUnitReportReporter -->
<testsuite hostname="shrawani" failures="0" tests="1" name="ExtendReport.SampleREPORT" time="1.108" errors="0" timestamp="2024-07-30T10:42:51 IST" skipped="0">
  <testcase classname="ExtendReport.SampleREPORT" name="BasReport" time="1.108"/>
</testsuite> <!-- ExtendReport.SampleREPORT -->
