<?xml version="1.0" encoding="UTF-8"?>
<!-- Generated by org.testng.reporters.JUnitReportReporter -->
<testsuite hostname="shrawani" failures="0" tests="1" name="Annotation.testng" time="0.048" errors="0" timestamp="2024-07-08T11:27:19 IST" skipped="0">
  <testcase classname="Annotation.testng" name="main" time="0.048"/>
</testsuite> <!-- Annotation.testng -->
