<?xml version="1.0" encoding="UTF-8"?>
<!-- Generated by org.testng.reporters.JUnitReportReporter -->
<testsuite hostname="shrawani" failures="0" tests="5" name="helperMethos.InvocationCount" time="33.949" errors="0" timestamp="2024-07-09T11:15:04 IST" skipped="0">
  <testcase classname="helperMethos.InvocationCount" name="swigge" time="8.020"/>
  <testcase classname="helperMethos.InvocationCount" name="Zomato" time="6.716"/>
  <testcase classname="helperMethos.InvocationCount" name="pizzaHut" time="7.690"/>
  <testcase classname="helperMethos.InvocationCount" name="Dome" time="5.863"/>
  <testcase classname="helperMethos.InvocationCount" name="Dome" time="5.660"/>
</testsuite> <!-- helperMethos.InvocationCount -->
