<?xml version="1.0" encoding="UTF-8"?>
<!-- Generated by org.testng.reporters.JUnitReportReporter -->
<testsuite hostname="shrawani" failures="0" tests="1" name="Shoes.Bata" time="11.065" errors="0" timestamp="2024-07-20T12:09:25 IST" skipped="0">
  <testcase classname="Shoes.Bata" name="Bat" time="11.065">
    <system-out>
      <![CDATA[Bat
onTestSuccess]]>
    </system-out>
  </testcase> <!-- Bat -->
  <system-out>
    <![CDATA[redchef
onTestSuccess
Bat
onTestSuccess]]>
  </system-out>
</testsuite> <!-- Shoes.Bata -->
