<?xml version="1.0" encoding="UTF-8"?>
<!-- Generated by org.testng.reporters.JUnitReportReporter -->
<testsuite hostname="shrawani" failures="0" tests="2" name="Basic.Store" time="0.022" errors="0" timestamp="2024-07-15T10:48:04 IST" skipped="0">
  <testcase classname="Basic.Store" name="reciver" time="0.017"/>
  <testcase classname="Basic.Store" name="reciver" time="0.005"/>
</testsuite> <!-- Basic.Store -->
