<?xml version="1.0" encoding="UTF-8"?>
<!-- Generated by org.testng.reporters.JUnitReportReporter -->
<testsuite hostname="shrawani" failures="0" tests="1" name="Assertions.AssertEqual" time="35.271" errors="0" timestamp="2024-05-21T11:24:21 IST" skipped="0">
  <testcase classname="Assertions.AssertEqual" name="hardAssert" time="35.271"/>
</testsuite> <!-- Assertions.AssertEqual -->
