<?xml version="1.0" encoding="UTF-8"?>
<!-- Generated by org.testng.reporters.JUnitReportReporter -->
<testsuite hostname="shrawani" failures="0" tests="2" name="BatchExectionFashion.Flipkart" time="47.089" errors="0" timestamp="2024-05-20T11:13:24 IST" skipped="0">
  <testcase classname="BatchExectionFashion.Flipkart" name="flip" time="10.145"/>
  <testcase classname="BatchExectionFashion.Flipkart" name="flip" time="36.944"/>
</testsuite> <!-- BatchExectionFashion.Flipkart -->
