<?xml version="1.0" encoding="UTF-8"?>
<!-- Generated by org.testng.reporters.JUnitReportReporter -->
<testsuite hostname="shrawani" failures="0" tests="4" name="helperMethos.MethodPrivority" time="29.208" errors="0" timestamp="2024-07-09T10:52:12 IST" skipped="0">
  <testcase classname="helperMethos.MethodPrivority" name="swigge" time="7.597"/>
  <testcase classname="helperMethos.MethodPrivority" name="Zomato" time="6.980"/>
  <testcase classname="helperMethos.MethodPrivority" name="pizzaHut" time="7.620"/>
  <testcase classname="helperMethos.MethodPrivority" name="Dome" time="7.011"/>
</testsuite> <!-- helperMethos.MethodPrivority -->
