<?xml version="1.0" encoding="UTF-8"?>
<!-- Generated by org.testng.reporters.JUnitReportReporter -->
<testsuite hostname="shrawani" failures="0" tests="2" name="Basic.Demo$Store" time="15.307" errors="0" timestamp="2024-07-15T11:43:56 IST" skipped="0">
  <testcase classname="Basic.Demo$Store" name="reciver" time="7.889"/>
  <testcase classname="Basic.Demo$Store" name="reciver" time="7.418"/>
</testsuite> <!-- Basic.Demo$Store -->
