<?xml version="1.0" encoding="UTF-8"?>
<!-- Generated by org.testng.reporters.JUnitReportReporter -->
<testsuite hostname="shrawani" failures="0" tests="2" name="Basic.ChronologicalOrder" time="0.027" errors="0" timestamp="2024-07-12T10:41:34 IST" skipped="0">
  <testcase classname="Basic.ChronologicalOrder" name="Test2" time="0.008"/>
  <testcase classname="Basic.ChronologicalOrder" name="Test" time="0.019"/>
</testsuite> <!-- Basic.ChronologicalOrder -->
