<?xml version="1.0" encoding="UTF-8"?>
<!-- Generated by org.testng.reporters.JUnitReportReporter -->
<testsuite hostname="shrawani" failures="0" tests="2" name="BatchExecutionTravel.RebBus" time="66.941" errors="0" timestamp="2024-05-20T11:13:24 IST" skipped="0">
  <testcase classname="BatchExecutionTravel.RebBus" name="RB" time="21.356"/>
  <testcase classname="BatchExecutionTravel.RebBus" name="RB" time="45.585"/>
</testsuite> <!-- BatchExecutionTravel.RebBus -->
