<?xml version="1.0" encoding="UTF-8"?>
<!-- Generated by org.testng.reporters.JUnitReportReporter -->
<testsuite hostname="shrawani" failures="0" tests="1" name="practical1.baseclass" time="5.515" errors="0" timestamp="2024-05-21T12:21:21 IST" skipped="0">
  <testcase classname="practical1.baseclass" name="bs" time="5.515"/>
</testsuite> <!-- practical1.baseclass -->
