<?xml version="1.0" encoding="UTF-8"?>
<!-- Generated by org.testng.reporters.JUnitReportReporter -->
<testsuite hostname="shrawani" failures="0" tests="1" name="Basic.ReadDataFromExcel" time="0.940" errors="0" timestamp="2024-05-14T13:10:34 IST" skipped="0">
  <testcase classname="Basic.ReadDataFromExcel" name="readData" time="0.940"/>
</testsuite> <!-- Basic.ReadDataFromExcel -->
