<?xml version="1.0" encoding="UTF-8"?>
<!-- Generated by org.testng.reporters.JUnitReportReporter -->
<testsuite hostname="shrawani" failures="0" tests="1" name="Assertion2.HardAssert" time="9.913" errors="0" timestamp="2024-07-19T12:01:10 IST" skipped="0">
  <testcase classname="Assertion2.HardAssert" name="main" time="9.913"/>
</testsuite> <!-- Assertion2.HardAssert -->
