<?xml version="1.0" encoding="UTF-8"?>
<!-- Generated by org.testng.reporters.JUnitReportReporter -->
<testsuite hostname="shrawani" failures="0" tests="1" name="Shoes.nicky" time="12.818" errors="0" timestamp="2024-05-10T14:03:31 IST" skipped="0">
  <testcase classname="Shoes.nicky" name="nicky" time="12.818"/>
</testsuite> <!-- Shoes.nicky -->
