<?xml version="1.0" encoding="UTF-8"?>
<!-- Generated by org.testng.reporters.JUnitReportReporter -->
<testsuite hostname="shrawani" failures="0" tests="4" name="helperMethos.threadpoolsize" time="29.371" errors="0" timestamp="2024-07-09T11:42:50 IST" skipped="0">
  <testcase classname="helperMethos.threadpoolsize" name="swigge" time="7.794"/>
  <testcase classname="helperMethos.threadpoolsize" name="Zomato" time="7.607"/>
  <testcase classname="helperMethos.threadpoolsize" name="pizzaHut" time="8.047"/>
  <testcase classname="helperMethos.threadpoolsize" name="Dome" time="5.923"/>
</testsuite> <!-- helperMethos.threadpoolsize -->
