<?xml version="1.0" encoding="UTF-8"?>
<!-- Generated by org.testng.reporters.JUnitReportReporter -->
<testsuite hostname="shrawani" failures="0" tests="2" name="BatchExectionFashion.Amazon" time="24.344" errors="0" timestamp="2024-05-20T11:13:24 IST" skipped="0">
  <testcase classname="BatchExectionFashion.Amazon" name="amz" time="13.104"/>
  <testcase classname="BatchExectionFashion.Amazon" name="amz" time="11.240"/>
</testsuite> <!-- BatchExectionFashion.Amazon -->
