<?xml version="1.0" encoding="UTF-8"?>
<!-- Generated by org.testng.reporters.JUnitReportReporter -->
<testsuite hostname="shrawani" failures="0" tests="1" name="Basic.UsingPropertyFile" time="11.224" errors="0" timestamp="2024-05-15T12:49:44 IST" skipped="0">
  <testcase classname="Basic.UsingPropertyFile" name="Readdata" time="11.224"/>
</testsuite> <!-- Basic.UsingPropertyFile -->
