<?xml version="1.0" encoding="UTF-8"?>
<!-- Generated by org.testng.reporters.JUnitReportReporter -->
<testsuite hostname="shrawani" failures="0" tests="1" name="newpack.baseclass" time="0.025" errors="0" timestamp="2024-05-18T11:17:15 IST" skipped="0">
  <testcase classname="newpack.baseclass" name="bs" time="0.025"/>
</testsuite> <!-- newpack.baseclass -->
