<?xml version="1.0" encoding="UTF-8"?>
<!-- Generated by org.testng.reporters.JUnitReportReporter -->
<testsuite hostname="shrawani" failures="0" tests="3" name="Basic.LaunchTheVBrowser" time="43.274" errors="0" timestamp="2024-05-09T12:56:45 IST" skipped="0">
  <testcase classname="Basic.LaunchTheVBrowser" name="flipcart" time="19.230"/>
  <testcase classname="Basic.LaunchTheVBrowser" name="demo" time="13.883"/>
  <testcase classname="Basic.LaunchTheVBrowser" name="shopper" time="10.161"/>
</testsuite> <!-- Basic.LaunchTheVBrowser -->
