<?xml version="1.0" encoding="UTF-8"?>
<!-- Generated by org.testng.reporters.JUnitReportReporter -->
<testsuite hostname="shrawani" failures="0" tests="4" name="Basic.InnvocationMethod" time="28.078" errors="0" timestamp="2024-05-16T12:16:46 IST" skipped="0">
  <testcase classname="Basic.InnvocationMethod" name="shopper" time="4.708"/>
  <testcase classname="Basic.InnvocationMethod" name="flip" time="9.043"/>
  <testcase classname="Basic.InnvocationMethod" name="shopper" time="4.289"/>
  <testcase classname="Basic.InnvocationMethod" name="flipcart" time="10.038"/>
</testsuite> <!-- Basic.InnvocationMethod -->
