<?xml version="1.0" encoding="UTF-8"?>
<!-- Generated by org.testng.reporters.JUnitReportReporter -->
<testsuite hostname="shrawani" failures="0" tests="2" name="BatchExecutionTravel.AbhiAbhi" time="64.295" errors="0" timestamp="2024-05-20T11:13:24 IST" skipped="0">
  <testcase classname="BatchExecutionTravel.AbhiAbhi" name="Ab" time="28.765"/>
  <testcase classname="BatchExecutionTravel.AbhiAbhi" name="Ab" time="35.530"/>
</testsuite> <!-- BatchExecutionTravel.AbhiAbhi -->
