<?xml version="1.0" encoding="UTF-8"?>
<!-- Generated by org.testng.reporters.JUnitReportReporter -->
<testsuite hostname="shrawani" failures="0" tests="1" name="Shoes.Redchef" time="10.502" errors="0" timestamp="2024-07-20T12:09:25 IST" skipped="0">
  <testcase classname="Shoes.Redchef" name="redchef" time="10.502">
    <system-out>
      <![CDATA[redchef
onTestSuccess]]>
    </system-out>
  </testcase> <!-- redchef -->
  <system-out>
    <![CDATA[redchef
onTestSuccess
Bat
onTestSuccess]]>
  </system-out>
</testsuite> <!-- Shoes.Redchef -->
