<?xml version="1.0" encoding="UTF-8"?>
<!-- Generated by org.testng.reporters.JUnitReportReporter -->
<testsuite hostname="shrawani" failures="0" tests="1" name="Basic.ReadDatabyusingForLoop" time="1.366" errors="0" timestamp="2024-05-14T13:24:21 IST" skipped="0">
  <testcase classname="Basic.ReadDatabyusingForLoop" name="readData" time="1.366"/>
</testsuite> <!-- Basic.ReadDatabyusingForLoop -->
