<?xml version="1.0" encoding="UTF-8"?>
<!-- Generated by org.testng.reporters.JUnitReportReporter -->
<testsuite hostname="shrawani" failures="0" tests="3" name="Basic.PriorityMethod" time="58.344" errors="0" timestamp="2024-05-16T12:02:07 IST" skipped="0">
  <testcase classname="Basic.PriorityMethod" name="shopper" time="15.002"/>
  <testcase classname="Basic.PriorityMethod" name="flipcart" time="34.624"/>
  <testcase classname="Basic.PriorityMethod" name="demo" time="8.718"/>
</testsuite> <!-- Basic.PriorityMethod -->
